C:\USERS\CARLO\MY STUFF\HOME\PROGRAMMING\PROGRAMMING\JAVA\PROJECTS\PSPCONSTRUCTOR\SOURCE\JGE\JGE\DEBUG\B2BLOCKALLOCATOR.OBJ
C:\USERS\CARLO\MY STUFF\HOME\PROGRAMMING\PROGRAMMING\JAVA\PROJECTS\PSPCONSTRUCTOR\SOURCE\JGE\JGE\DEBUG\B2BODY.OBJ
C:\USERS\CARLO\MY STUFF\HOME\PROGRAMMING\PROGRAMMING\JAVA\PROJECTS\PSPCONSTRUCTOR\SOURCE\JGE\JGE\DEBUG\B2BROADPHASE.OBJ
C:\USERS\CARLO\MY STUFF\HOME\PROGRAMMING\PROGRAMMING\JAVA\PROJECTS\PSPCONSTRUCTOR\SOURCE\JGE\JGE\DEBUG\B2CIRCLECONTACT.OBJ
C:\USERS\CARLO\MY STUFF\HOME\PROGRAMMING\PROGRAMMING\JAVA\PROJECTS\PSPCONSTRUCTOR\SOURCE\JGE\JGE\DEBUG\B2COLLIDECIRCLE.OBJ
C:\USERS\CARLO\MY STUFF\HOME\PROGRAMMING\PROGRAMMING\JAVA\PROJECTS\PSPCONSTRUCTOR\SOURCE\JGE\JGE\DEBUG\B2COLLIDEPOLY.OBJ
C:\USERS\CARLO\MY STUFF\HOME\PROGRAMMING\PROGRAMMING\JAVA\PROJECTS\PSPCONSTRUCTOR\SOURCE\JGE\JGE\DEBUG\B2CONTACT.OBJ
C:\USERS\CARLO\MY STUFF\HOME\PROGRAMMING\PROGRAMMING\JAVA\PROJECTS\PSPCONSTRUCTOR\SOURCE\JGE\JGE\DEBUG\B2CONTACTMANAGER.OBJ
C:\USERS\CARLO\MY STUFF\HOME\PROGRAMMING\PROGRAMMING\JAVA\PROJECTS\PSPCONSTRUCTOR\SOURCE\JGE\JGE\DEBUG\B2CONTACTSOLVER.OBJ
C:\USERS\CARLO\MY STUFF\HOME\PROGRAMMING\PROGRAMMING\JAVA\PROJECTS\PSPCONSTRUCTOR\SOURCE\JGE\JGE\DEBUG\B2DISTANCE.OBJ
C:\USERS\CARLO\MY STUFF\HOME\PROGRAMMING\PROGRAMMING\JAVA\PROJECTS\PSPCONSTRUCTOR\SOURCE\JGE\JGE\DEBUG\B2DISTANCEJOINT.OBJ
C:\USERS\CARLO\MY STUFF\HOME\PROGRAMMING\PROGRAMMING\JAVA\PROJECTS\PSPCONSTRUCTOR\SOURCE\JGE\JGE\DEBUG\B2GEARJOINT.OBJ
C:\USERS\CARLO\MY STUFF\HOME\PROGRAMMING\PROGRAMMING\JAVA\PROJECTS\PSPCONSTRUCTOR\SOURCE\JGE\JGE\DEBUG\B2ISLAND.OBJ
C:\USERS\CARLO\MY STUFF\HOME\PROGRAMMING\PROGRAMMING\JAVA\PROJECTS\PSPCONSTRUCTOR\SOURCE\JGE\JGE\DEBUG\B2JOINT.OBJ
C:\USERS\CARLO\MY STUFF\HOME\PROGRAMMING\PROGRAMMING\JAVA\PROJECTS\PSPCONSTRUCTOR\SOURCE\JGE\JGE\DEBUG\B2MOUSEJOINT.OBJ
C:\USERS\CARLO\MY STUFF\HOME\PROGRAMMING\PROGRAMMING\JAVA\PROJECTS\PSPCONSTRUCTOR\SOURCE\JGE\JGE\DEBUG\B2PAIRMANAGER.OBJ
C:\USERS\CARLO\MY STUFF\HOME\PROGRAMMING\PROGRAMMING\JAVA\PROJECTS\PSPCONSTRUCTOR\SOURCE\JGE\JGE\DEBUG\B2POLYANDCIRCLECONTACT.OBJ
C:\USERS\CARLO\MY STUFF\HOME\PROGRAMMING\PROGRAMMING\JAVA\PROJECTS\PSPCONSTRUCTOR\SOURCE\JGE\JGE\DEBUG\B2POLYCONTACT.OBJ
C:\USERS\CARLO\MY STUFF\HOME\PROGRAMMING\PROGRAMMING\JAVA\PROJECTS\PSPCONSTRUCTOR\SOURCE\JGE\JGE\DEBUG\B2PRISMATICJOINT.OBJ
C:\USERS\CARLO\MY STUFF\HOME\PROGRAMMING\PROGRAMMING\JAVA\PROJECTS\PSPCONSTRUCTOR\SOURCE\JGE\JGE\DEBUG\B2PULLEYJOINT.OBJ
C:\USERS\CARLO\MY STUFF\HOME\PROGRAMMING\PROGRAMMING\JAVA\PROJECTS\PSPCONSTRUCTOR\SOURCE\JGE\JGE\DEBUG\B2REVOLUTEJOINT.OBJ
C:\USERS\CARLO\MY STUFF\HOME\PROGRAMMING\PROGRAMMING\JAVA\PROJECTS\PSPCONSTRUCTOR\SOURCE\JGE\JGE\DEBUG\B2SETTINGS.OBJ
C:\USERS\CARLO\MY STUFF\HOME\PROGRAMMING\PROGRAMMING\JAVA\PROJECTS\PSPCONSTRUCTOR\SOURCE\JGE\JGE\DEBUG\B2SHAPE.OBJ
C:\USERS\CARLO\MY STUFF\HOME\PROGRAMMING\PROGRAMMING\JAVA\PROJECTS\PSPCONSTRUCTOR\SOURCE\JGE\JGE\DEBUG\B2STACKALLOCATOR.OBJ
C:\USERS\CARLO\MY STUFF\HOME\PROGRAMMING\PROGRAMMING\JAVA\PROJECTS\PSPCONSTRUCTOR\SOURCE\JGE\JGE\DEBUG\B2WORLD.OBJ
C:\Users\Carlo\My Stuff\Home\Programming\Programming\Java\Projects\PSPConstructor\Source\JGE\JGE\Debug\cl.command.1.tlog
C:\Users\Carlo\My Stuff\Home\Programming\Programming\Java\Projects\PSPConstructor\Source\JGE\JGE\Debug\CL.read.1.tlog
C:\Users\Carlo\My Stuff\Home\Programming\Programming\Java\Projects\PSPConstructor\Source\JGE\JGE\Debug\CL.write.1.tlog
C:\USERS\CARLO\MY STUFF\HOME\PROGRAMMING\PROGRAMMING\JAVA\PROJECTS\PSPCONSTRUCTOR\SOURCE\JGE\JGE\DEBUG\ENCODING.OBJ
C:\USERS\CARLO\MY STUFF\HOME\PROGRAMMING\PROGRAMMING\JAVA\PROJECTS\PSPCONSTRUCTOR\SOURCE\JGE\JGE\DEBUG\HGECOLOR.OBJ
C:\USERS\CARLO\MY STUFF\HOME\PROGRAMMING\PROGRAMMING\JAVA\PROJECTS\PSPCONSTRUCTOR\SOURCE\JGE\JGE\DEBUG\HGEDISTORT.OBJ
C:\USERS\CARLO\MY STUFF\HOME\PROGRAMMING\PROGRAMMING\JAVA\PROJECTS\PSPCONSTRUCTOR\SOURCE\JGE\JGE\DEBUG\HGEFONT.OBJ
C:\USERS\CARLO\MY STUFF\HOME\PROGRAMMING\PROGRAMMING\JAVA\PROJECTS\PSPCONSTRUCTOR\SOURCE\JGE\JGE\DEBUG\HGEPARTICLE.OBJ
C:\USERS\CARLO\MY STUFF\HOME\PROGRAMMING\PROGRAMMING\JAVA\PROJECTS\PSPCONSTRUCTOR\SOURCE\JGE\JGE\DEBUG\HGEPMANAGER.OBJ
C:\USERS\CARLO\MY STUFF\HOME\PROGRAMMING\PROGRAMMING\JAVA\PROJECTS\PSPCONSTRUCTOR\SOURCE\JGE\JGE\DEBUG\HGERECT.OBJ
C:\USERS\CARLO\MY STUFF\HOME\PROGRAMMING\PROGRAMMING\JAVA\PROJECTS\PSPCONSTRUCTOR\SOURCE\JGE\JGE\DEBUG\HGEVECTOR.OBJ
C:\USERS\CARLO\MY STUFF\HOME\PROGRAMMING\PROGRAMMING\JAVA\PROJECTS\PSPCONSTRUCTOR\SOURCE\JGE\JGE\DEBUG\IOAPI.OBJ
C:\USERS\CARLO\MY STUFF\HOME\PROGRAMMING\PROGRAMMING\JAVA\PROJECTS\PSPCONSTRUCTOR\SOURCE\JGE\JGE\DEBUG\JANIMATOR.OBJ
C:\USERS\CARLO\MY STUFF\HOME\PROGRAMMING\PROGRAMMING\JAVA\PROJECTS\PSPCONSTRUCTOR\SOURCE\JGE\JGE\DEBUG\JAPP.OBJ
C:\USERS\CARLO\MY STUFF\HOME\PROGRAMMING\PROGRAMMING\JAVA\PROJECTS\PSPCONSTRUCTOR\SOURCE\JGE\JGE\DEBUG\JDISTORTIONMESH.OBJ
C:\USERS\CARLO\MY STUFF\HOME\PROGRAMMING\PROGRAMMING\JAVA\PROJECTS\PSPCONSTRUCTOR\SOURCE\JGE\JGE\DEBUG\JFILESYSTEM.OBJ
C:\USERS\CARLO\MY STUFF\HOME\PROGRAMMING\PROGRAMMING\JAVA\PROJECTS\PSPCONSTRUCTOR\SOURCE\JGE\JGE\DEBUG\JGAMEOBJECT.OBJ
C:\USERS\CARLO\MY STUFF\HOME\PROGRAMMING\PROGRAMMING\JAVA\PROJECTS\PSPCONSTRUCTOR\SOURCE\JGE\JGE\DEBUG\JGBKFONT.OBJ
C:\USERS\CARLO\MY STUFF\HOME\PROGRAMMING\PROGRAMMING\JAVA\PROJECTS\PSPCONSTRUCTOR\SOURCE\JGE\JGE\DEBUG\JGE.OBJ
C:\USERS\CARLO\MY STUFF\HOME\PROGRAMMING\PROGRAMMING\JAVA\PROJECTS\PSPCONSTRUCTOR\SOURCE\JGE\JGE\DEBUG\JGUI.OBJ
C:\USERS\CARLO\MY STUFF\HOME\PROGRAMMING\PROGRAMMING\JAVA\PROJECTS\PSPCONSTRUCTOR\SOURCE\JGE\JGE\DEBUG\JINPUTSYSTEM.OBJ
C:\USERS\CARLO\MY STUFF\HOME\PROGRAMMING\PROGRAMMING\JAVA\PROJECTS\PSPCONSTRUCTOR\SOURCE\JGE\JGE\DEBUG\JLBFONT.OBJ
C:\USERS\CARLO\MY STUFF\HOME\PROGRAMMING\PROGRAMMING\JAVA\PROJECTS\PSPCONSTRUCTOR\SOURCE\JGE\JGE\DEBUG\JMD2MODEL.OBJ
C:\USERS\CARLO\MY STUFF\HOME\PROGRAMMING\PROGRAMMING\JAVA\PROJECTS\PSPCONSTRUCTOR\SOURCE\JGE\JGE\DEBUG\JOBJMODEL.OBJ
C:\USERS\CARLO\MY STUFF\HOME\PROGRAMMING\PROGRAMMING\JAVA\PROJECTS\PSPCONSTRUCTOR\SOURCE\JGE\JGE\DEBUG\JPARTICLE.OBJ
C:\USERS\CARLO\MY STUFF\HOME\PROGRAMMING\PROGRAMMING\JAVA\PROJECTS\PSPCONSTRUCTOR\SOURCE\JGE\JGE\DEBUG\JPARTICLEEFFECT.OBJ
C:\USERS\CARLO\MY STUFF\HOME\PROGRAMMING\PROGRAMMING\JAVA\PROJECTS\PSPCONSTRUCTOR\SOURCE\JGE\JGE\DEBUG\JPARTICLEEMITTER.OBJ
C:\USERS\CARLO\MY STUFF\HOME\PROGRAMMING\PROGRAMMING\JAVA\PROJECTS\PSPCONSTRUCTOR\SOURCE\JGE\JGE\DEBUG\JPARTICLESYSTEM.OBJ
C:\USERS\CARLO\MY STUFF\HOME\PROGRAMMING\PROGRAMMING\JAVA\PROJECTS\PSPCONSTRUCTOR\SOURCE\JGE\JGE\DEBUG\JRENDERER_WIN.OBJ
C:\USERS\CARLO\MY STUFF\HOME\PROGRAMMING\PROGRAMMING\JAVA\PROJECTS\PSPCONSTRUCTOR\SOURCE\JGE\JGE\DEBUG\JRESOURCEMANAGER.OBJ
C:\USERS\CARLO\MY STUFF\HOME\PROGRAMMING\PROGRAMMING\JAVA\PROJECTS\PSPCONSTRUCTOR\SOURCE\JGE\JGE\DEBUG\JSOUNDSYSTEM_WIN.OBJ
C:\USERS\CARLO\MY STUFF\HOME\PROGRAMMING\PROGRAMMING\JAVA\PROJECTS\PSPCONSTRUCTOR\SOURCE\JGE\JGE\DEBUG\JSPLINE.OBJ
C:\USERS\CARLO\MY STUFF\HOME\PROGRAMMING\PROGRAMMING\JAVA\PROJECTS\PSPCONSTRUCTOR\SOURCE\JGE\JGE\DEBUG\JSPRITE.OBJ
C:\USERS\CARLO\MY STUFF\HOME\PROGRAMMING\PROGRAMMING\JAVA\PROJECTS\PSPCONSTRUCTOR\SOURCE\JGE\JGE\DEBUG\JTTFONT.OBJ
C:\Users\Carlo\My Stuff\Home\Programming\Programming\Java\Projects\PSPConstructor\Source\JGE\JGE\Debug\lib.command.1.tlog
C:\Users\Carlo\My Stuff\Home\Programming\Programming\Java\Projects\PSPConstructor\Source\JGE\JGE\Debug\Lib-link.read.1.tlog
C:\Users\Carlo\My Stuff\Home\Programming\Programming\Java\Projects\PSPConstructor\Source\JGE\JGE\Debug\Lib-link.write.1.tlog
C:\Users\Carlo\My Stuff\Home\Programming\Programming\Java\Projects\PSPConstructor\Source\JGE\JGE\Debug\link.command.1.tlog
C:\Users\Carlo\My Stuff\Home\Programming\Programming\Java\Projects\PSPConstructor\Source\JGE\JGE\Debug\link.read.1.tlog
C:\Users\Carlo\My Stuff\Home\Programming\Programming\Java\Projects\PSPConstructor\Source\JGE\JGE\Debug\link.write.1.tlog
C:\USERS\CARLO\MY STUFF\HOME\PROGRAMMING\PROGRAMMING\JAVA\PROJECTS\PSPCONSTRUCTOR\SOURCE\JGE\JGE\DEBUG\MZTOOLS.OBJ
C:\USERS\CARLO\MY STUFF\HOME\PROGRAMMING\PROGRAMMING\JAVA\PROJECTS\PSPCONSTRUCTOR\SOURCE\JGE\JGE\DEBUG\TINYSTR.OBJ
C:\USERS\CARLO\MY STUFF\HOME\PROGRAMMING\PROGRAMMING\JAVA\PROJECTS\PSPCONSTRUCTOR\SOURCE\JGE\JGE\DEBUG\TINYXML.OBJ
C:\USERS\CARLO\MY STUFF\HOME\PROGRAMMING\PROGRAMMING\JAVA\PROJECTS\PSPCONSTRUCTOR\SOURCE\JGE\JGE\DEBUG\TINYXMLERROR.OBJ
C:\USERS\CARLO\MY STUFF\HOME\PROGRAMMING\PROGRAMMING\JAVA\PROJECTS\PSPCONSTRUCTOR\SOURCE\JGE\JGE\DEBUG\TINYXMLPARSER.OBJ
C:\USERS\CARLO\MY STUFF\HOME\PROGRAMMING\PROGRAMMING\JAVA\PROJECTS\PSPCONSTRUCTOR\SOURCE\JGE\JGE\DEBUG\UNZIP.OBJ
C:\Users\Carlo\My Stuff\Home\Programming\Programming\Java\Projects\PSPConstructor\Source\JGE\JGE\Debug\vc100.idb
C:\USERS\CARLO\MY STUFF\HOME\PROGRAMMING\PROGRAMMING\JAVA\PROJECTS\PSPCONSTRUCTOR\SOURCE\JGE\JGE\DEBUG\VC100.PDB
C:\USERS\CARLO\MY STUFF\HOME\PROGRAMMING\PROGRAMMING\JAVA\PROJECTS\PSPCONSTRUCTOR\SOURCE\JGE\JGE\DEBUG\VECTOR2D.OBJ
C:\USERS\CARLO\MY STUFF\HOME\PROGRAMMING\PROGRAMMING\JAVA\PROJECTS\PSPCONSTRUCTOR\SOURCE\JGE\JGE\DEBUG\WINMAIN.OBJ
C:\USERS\CARLO\MY STUFF\HOME\PROGRAMMING\PROGRAMMING\JAVA\PROJECTS\PSPCONSTRUCTOR\SOURCE\JGE\JGE\LIB\WIN\JGE_DEBUG.LIB
